2018-11-12 15:30:01.888 INFO [restartedMain]com.tj.base.BaseApplication.logStarting:50 -Starting BaseApplication on LAPTOP-QH4C58FU with PID 28816 (G:\project\project2\base-project\target\classes started by taojie in G:\project\project2\base-project)
2018-11-12 15:30:01.894 INFO [restartedMain]com.tj.base.BaseApplication.logStartupProfileInfo:675 -No active profile set, falling back to default profiles: default
2018-11-12 15:30:02.085 INFO [restartedMain]o.s.b.devtools.env.DevToolsPropertyDefaultsPostProcessor.logTo:227 -Devtools property defaults active! Set 'spring.devtools.add-properties' to 'false' to disable
2018-11-12 15:30:02.085 INFO [restartedMain]o.s.b.devtools.env.DevToolsPropertyDefaultsPostProcessor.logTo:227 -For additional web related logging consider setting the 'logging.level.web' property to 'DEBUG'
2018-11-12 15:30:03.282 INFO [restartedMain]o.s.d.repository.config.RepositoryConfigurationDelegate.multipleStoresDetected:244 -Multiple Spring Data modules found, entering strict repository configuration mode!
2018-11-12 15:30:03.287 INFO [restartedMain]o.s.d.repository.config.RepositoryConfigurationDelegate.registerRepositoriesIn:126 -Bootstrapping Spring Data repositories in DEFAULT mode.
2018-11-12 15:30:03.401 INFO [restartedMain]o.s.d.repository.config.RepositoryConfigurationDelegate.registerRepositoriesIn:182 -Finished Spring Data repository scanning in 40ms. Found 0 repository interfaces.
2018-11-12 15:30:03.978 INFO [restartedMain]o.s.c.s.PostProcessorRegistrationDelegate$BeanPostProcessorChecker.postProcessAfterInitialization:330 -Bean 'org.springframework.transaction.annotation.ProxyTransactionManagementConfiguration' of type [org.springframework.transaction.annotation.ProxyTransactionManagementConfiguration$$EnhancerBySpringCGLIB$$2083f97e] is not eligible for getting processed by all BeanPostProcessors (for example: not eligible for auto-proxying)
2018-11-12 15:30:04.879 INFO [restartedMain]o.s.boot.web.embedded.tomcat.TomcatWebServer.initialize:90 -Tomcat initialized with port(s): 8080 (http)
2018-11-12 15:30:04.903 INFO [restartedMain]org.apache.coyote.http11.Http11NioProtocol.log:173 -Initializing ProtocolHandler ["http-nio-8080"]
2018-11-12 15:30:04.908 INFO [restartedMain]org.apache.catalina.core.StandardService.log:173 -Starting service [Tomcat]
2018-11-12 15:30:04.909 INFO [restartedMain]org.apache.catalina.core.StandardEngine.log:173 -Starting Servlet Engine: Apache Tomcat/9.0.12
2018-11-12 15:30:04.921 INFO [restartedMain]org.apache.catalina.core.AprLifecycleListener.log:173 -The APR based Apache Tomcat Native library which allows optimal performance in production environments was not found on the java.library.path: [D:\devInstall\java\jdk1.8.0_144\bin;C:\WINDOWS\Sun\Java\bin;C:\WINDOWS\system32;C:\WINDOWS;D:\devInstall\app\product\11.2.0\dbhome_1\bin;C:\ProgramData\Oracle\Java\javapath;C:\Program Files (x86)\Intel\iCLS Client\;C:\Program Files\Intel\iCLS Client\;C:\windows\system32;C:\windows;C:\windows\System32\Wbem;C:\windows\System32\WindowsPowerShell\v1.0\;C:\Program Files (x86)\Intel\Intel(R) Management Engine Components\DAL;C:\Program Files\Intel\Intel(R) Management Engine Components\DAL;C:\Program Files (x86)\Intel\Intel(R) Management Engine Components\IPT;C:\Program Files\Intel\Intel(R) Management Engine Components\IPT;C:\Program Files (x86)\NVIDIA Corporation\PhysX\Common;D:\devInstall\java\jdk1.8.0_144\bin;D:\devInstall\java\jdk1.8.0_144\jre\bin;C:\WINDOWS\system32;C:\WINDOWS;C:\WINDOWS\System32\Wbem;C:\WINDOWS\System32\WindowsPowerShell\v1.0\;D:\devInstall\apache-maven-3.5.0\bin;% M2_HOME%\bin;C:\Program Files\Git\cmd;D:\install\mysql\bin;C:\Program Files (x86)\MySQL\MySQL Fabric 1.5 & MySQL Utilities 1.5\;C:\Program Files (x86)\MySQL\MySQL Fabric 1.5 & MySQL Utilities 1.5\Doctrine extensions for PHP\;D:\install\TortoiseSVN\bin;D:\devInstall\MongoDB\bin;;C:\WINDOWS\System32\OpenSSH\;C:\Program Files\Intel\WiFi\bin\;C:\Program Files\Common Files\Intel\WirelessCommon\;C:\Users\taojie\AppData\Local\Microsoft\WindowsApps;C:\Users\taojie\AppData\Local\GitHubDesktop\bin;%USERPROFILE%\AppData\Local\Microsoft\WindowsApps;;.]
2018-11-12 15:30:05.092 INFO [restartedMain]o.a.catalina.core.ContainerBase.[Tomcat].[localhost].[/].log:173 -Initializing Spring embedded WebApplicationContext
2018-11-12 15:30:05.093 INFO [restartedMain]org.springframework.web.context.ContextLoader.prepareWebApplicationContext:285 -Root WebApplicationContext: initialization completed in 3008 ms
2018-11-12 15:30:05.158 INFO [restartedMain]o.s.boot.web.servlet.ServletRegistrationBean.addRegistration:186 -Servlet dispatcherServlet mapped to [/]
2018-11-12 15:30:05.159 INFO [restartedMain]o.s.boot.web.servlet.ServletRegistrationBean.addRegistration:186 -Servlet statViewServlet mapped to [/druid/*]
2018-11-12 15:30:05.164 INFO [restartedMain]o.s.boot.web.servlet.FilterRegistrationBean.configure:248 -Mapping filter: 'characterEncodingFilter' to: [/*]
2018-11-12 15:30:05.164 INFO [restartedMain]o.s.boot.web.servlet.FilterRegistrationBean.configure:248 -Mapping filter: 'hiddenHttpMethodFilter' to: [/*]
2018-11-12 15:30:05.164 INFO [restartedMain]o.s.boot.web.servlet.FilterRegistrationBean.configure:248 -Mapping filter: 'formContentFilter' to: [/*]
2018-11-12 15:30:05.165 INFO [restartedMain]o.s.boot.web.servlet.FilterRegistrationBean.configure:248 -Mapping filter: 'requestContextFilter' to: [/*]
2018-11-12 15:30:05.165 INFO [restartedMain]o.s.boot.web.servlet.FilterRegistrationBean.configure:261 -Mapping filter: 'webStatFilter' to urls: [/*]
2018-11-12 15:30:05.530 INFO [restartedMain]c.a.d.s.boot.autoconfigure.DruidDataSourceAutoConfigure.dataSource:56 -Init DruidDataSource
2018-11-12 15:30:05.781 INFO [restartedMain]com.alibaba.druid.pool.DruidDataSource.init:928 -{dataSource-1} inited
2018-11-12 15:30:06.163 INFO [restartedMain]o.s.scheduling.concurrent.ThreadPoolTaskExecutor.initialize:171 -Initializing ExecutorService 'applicationTaskExecutor'
2018-11-12 15:30:06.576 INFO [restartedMain]o.s.scheduling.concurrent.ThreadPoolTaskScheduler.initialize:171 -Initializing ExecutorService 'taskScheduler'
2018-11-12 15:30:06.661 INFO [restartedMain]o.s.boot.devtools.autoconfigure.OptionalLiveReloadServer.startServer:57 -LiveReload server is running on port 35729
2018-11-12 15:30:06.664 WARN [restartedMain]o.s.b.s.r.RedisStarterDeprecationWarningAutoConfiguration.logWarning:43 -spring-boot-starter-redis is deprecated as of Spring Boot 1.4, please migrate to spring-boot-starter-data-redis
2018-11-12 15:30:06.707 INFO [restartedMain]org.apache.coyote.http11.Http11NioProtocol.log:173 -Starting ProtocolHandler ["http-nio-8080"]
2018-11-12 15:30:06.727 INFO [restartedMain]org.apache.tomcat.util.net.NioSelectorPool.log:173 -Using a shared selector for servlet write/read
2018-11-12 15:30:06.769 INFO [restartedMain]o.s.boot.web.embedded.tomcat.TomcatWebServer.start:204 -Tomcat started on port(s): 8080 (http) with context path ''
2018-11-12 15:30:06.776 INFO [restartedMain]com.tj.base.BaseApplication.logStarted:59 -Started BaseApplication in 5.945 seconds (JVM running for 10.697)
2018-11-12 15:34:21.550 INFO [restartedMain]com.tj.base.BaseApplication.logStarting:50 -Starting BaseApplication on LAPTOP-QH4C58FU with PID 8168 (G:\project\project2\base-project\target\classes started by taojie in G:\project\project2\base-project)
2018-11-12 15:34:21.557 INFO [restartedMain]com.tj.base.BaseApplication.logStartupProfileInfo:675 -No active profile set, falling back to default profiles: default
2018-11-12 15:34:21.638 INFO [restartedMain]o.s.b.devtools.env.DevToolsPropertyDefaultsPostProcessor.logTo:227 -Devtools property defaults active! Set 'spring.devtools.add-properties' to 'false' to disable
2018-11-12 15:34:21.638 INFO [restartedMain]o.s.b.devtools.env.DevToolsPropertyDefaultsPostProcessor.logTo:227 -For additional web related logging consider setting the 'logging.level.web' property to 'DEBUG'
2018-11-12 15:34:22.674 INFO [restartedMain]o.s.d.repository.config.RepositoryConfigurationDelegate.multipleStoresDetected:244 -Multiple Spring Data modules found, entering strict repository configuration mode!
2018-11-12 15:34:22.678 INFO [restartedMain]o.s.d.repository.config.RepositoryConfigurationDelegate.registerRepositoriesIn:126 -Bootstrapping Spring Data repositories in DEFAULT mode.
2018-11-12 15:34:22.720 INFO [restartedMain]o.s.d.repository.config.RepositoryConfigurationDelegate.registerRepositoriesIn:182 -Finished Spring Data repository scanning in 21ms. Found 0 repository interfaces.
2018-11-12 15:34:23.187 INFO [restartedMain]o.s.c.s.PostProcessorRegistrationDelegate$BeanPostProcessorChecker.postProcessAfterInitialization:330 -Bean 'org.springframework.transaction.annotation.ProxyTransactionManagementConfiguration' of type [org.springframework.transaction.annotation.ProxyTransactionManagementConfiguration$$EnhancerBySpringCGLIB$$5f878930] is not eligible for getting processed by all BeanPostProcessors (for example: not eligible for auto-proxying)
2018-11-12 15:34:23.843 INFO [restartedMain]o.s.boot.web.embedded.tomcat.TomcatWebServer.initialize:90 -Tomcat initialized with port(s): 8080 (http)
2018-11-12 15:34:23.869 INFO [restartedMain]org.apache.coyote.http11.Http11NioProtocol.log:173 -Initializing ProtocolHandler ["http-nio-8080"]
2018-11-12 15:34:23.877 INFO [restartedMain]org.apache.catalina.core.StandardService.log:173 -Starting service [Tomcat]
2018-11-12 15:34:23.878 INFO [restartedMain]org.apache.catalina.core.StandardEngine.log:173 -Starting Servlet Engine: Apache Tomcat/9.0.12
2018-11-12 15:34:23.897 INFO [restartedMain]org.apache.catalina.core.AprLifecycleListener.log:173 -The APR based Apache Tomcat Native library which allows optimal performance in production environments was not found on the java.library.path: [D:\devInstall\java\jdk1.8.0_144\bin;C:\WINDOWS\Sun\Java\bin;C:\WINDOWS\system32;C:\WINDOWS;D:\devInstall\app\product\11.2.0\dbhome_1\bin;C:\ProgramData\Oracle\Java\javapath;C:\Program Files (x86)\Intel\iCLS Client\;C:\Program Files\Intel\iCLS Client\;C:\windows\system32;C:\windows;C:\windows\System32\Wbem;C:\windows\System32\WindowsPowerShell\v1.0\;C:\Program Files (x86)\Intel\Intel(R) Management Engine Components\DAL;C:\Program Files\Intel\Intel(R) Management Engine Components\DAL;C:\Program Files (x86)\Intel\Intel(R) Management Engine Components\IPT;C:\Program Files\Intel\Intel(R) Management Engine Components\IPT;C:\Program Files (x86)\NVIDIA Corporation\PhysX\Common;D:\devInstall\java\jdk1.8.0_144\bin;D:\devInstall\java\jdk1.8.0_144\jre\bin;C:\WINDOWS\system32;C:\WINDOWS;C:\WINDOWS\System32\Wbem;C:\WINDOWS\System32\WindowsPowerShell\v1.0\;D:\devInstall\apache-maven-3.5.0\bin;% M2_HOME%\bin;C:\Program Files\Git\cmd;D:\install\mysql\bin;C:\Program Files (x86)\MySQL\MySQL Fabric 1.5 & MySQL Utilities 1.5\;C:\Program Files (x86)\MySQL\MySQL Fabric 1.5 & MySQL Utilities 1.5\Doctrine extensions for PHP\;D:\install\TortoiseSVN\bin;D:\devInstall\MongoDB\bin;;C:\WINDOWS\System32\OpenSSH\;C:\Program Files\Intel\WiFi\bin\;C:\Program Files\Common Files\Intel\WirelessCommon\;C:\Users\taojie\AppData\Local\Microsoft\WindowsApps;C:\Users\taojie\AppData\Local\GitHubDesktop\bin;%USERPROFILE%\AppData\Local\Microsoft\WindowsApps;;.]
2018-11-12 15:34:24.131 INFO [restartedMain]o.a.catalina.core.ContainerBase.[Tomcat].[localhost].[/].log:173 -Initializing Spring embedded WebApplicationContext
2018-11-12 15:34:24.133 INFO [restartedMain]org.springframework.web.context.ContextLoader.prepareWebApplicationContext:285 -Root WebApplicationContext: initialization completed in 2495 ms
2018-11-12 15:34:24.215 INFO [restartedMain]o.s.boot.web.servlet.ServletRegistrationBean.addRegistration:186 -Servlet dispatcherServlet mapped to [/]
2018-11-12 15:34:24.218 INFO [restartedMain]o.s.boot.web.servlet.ServletRegistrationBean.addRegistration:186 -Servlet statViewServlet mapped to [/druid/*]
2018-11-12 15:34:24.224 INFO [restartedMain]o.s.boot.web.servlet.FilterRegistrationBean.configure:248 -Mapping filter: 'characterEncodingFilter' to: [/*]
2018-11-12 15:34:24.225 INFO [restartedMain]o.s.boot.web.servlet.FilterRegistrationBean.configure:248 -Mapping filter: 'hiddenHttpMethodFilter' to: [/*]
2018-11-12 15:34:24.225 INFO [restartedMain]o.s.boot.web.servlet.FilterRegistrationBean.configure:248 -Mapping filter: 'formContentFilter' to: [/*]
2018-11-12 15:34:24.225 INFO [restartedMain]o.s.boot.web.servlet.FilterRegistrationBean.configure:248 -Mapping filter: 'requestContextFilter' to: [/*]
2018-11-12 15:34:24.225 INFO [restartedMain]o.s.boot.web.servlet.FilterRegistrationBean.configure:261 -Mapping filter: 'webStatFilter' to urls: [/*]
2018-11-12 15:34:24.728 INFO [restartedMain]c.a.d.s.boot.autoconfigure.DruidDataSourceAutoConfigure.dataSource:56 -Init DruidDataSource
2018-11-12 15:34:24.982 INFO [restartedMain]com.alibaba.druid.pool.DruidDataSource.init:928 -{dataSource-1} inited
2018-11-12 15:34:25.390 INFO [restartedMain]o.s.scheduling.concurrent.ThreadPoolTaskExecutor.initialize:171 -Initializing ExecutorService 'applicationTaskExecutor'
2018-11-12 15:34:25.804 INFO [restartedMain]o.s.scheduling.concurrent.ThreadPoolTaskScheduler.initialize:171 -Initializing ExecutorService 'taskScheduler'
2018-11-12 15:34:25.876 INFO [restartedMain]o.s.boot.devtools.autoconfigure.OptionalLiveReloadServer.startServer:57 -LiveReload server is running on port 35729
2018-11-12 15:34:25.879 WARN [restartedMain]o.s.b.s.r.RedisStarterDeprecationWarningAutoConfiguration.logWarning:43 -spring-boot-starter-redis is deprecated as of Spring Boot 1.4, please migrate to spring-boot-starter-data-redis
2018-11-12 15:34:25.924 INFO [restartedMain]org.apache.coyote.http11.Http11NioProtocol.log:173 -Starting ProtocolHandler ["http-nio-8080"]
2018-11-12 15:34:25.944 INFO [restartedMain]org.apache.tomcat.util.net.NioSelectorPool.log:173 -Using a shared selector for servlet write/read
2018-11-12 15:34:25.967 INFO [restartedMain]o.s.boot.web.embedded.tomcat.TomcatWebServer.start:204 -Tomcat started on port(s): 8080 (http) with context path ''
2018-11-12 15:34:25.972 INFO [restartedMain]com.tj.base.BaseApplication.logStarted:59 -Started BaseApplication in 4.885 seconds (JVM running for 7.339)
2018-11-12 15:34:42.543 INFO [http-nio-8080-exec-3]o.a.catalina.core.ContainerBase.[Tomcat].[localhost].[/].log:173 -Initializing Spring DispatcherServlet 'dispatcherServlet'
2018-11-12 15:34:42.544 INFO [http-nio-8080-exec-3]org.springframework.web.servlet.DispatcherServlet.initServletBean:521 -Initializing Servlet 'dispatcherServlet'
2018-11-12 15:34:42.559 INFO [http-nio-8080-exec-3]org.springframework.web.servlet.DispatcherServlet.initServletBean:543 -Completed initialization in 15 ms
2018-11-12 15:34:42.657 INFO [http-nio-8080-exec-3]com.tj.base.Controller.LoggerController.testLog:19 -this is info level
2018-11-12 15:34:42.657 WARN [http-nio-8080-exec-3]com.tj.base.Controller.LoggerController.testLog:20 -this is warn level
